<?xml version="1.0" encoding="UTF-8"?>
<robot generator="Robot 6.1 (Python 3.11.4 on win32)" generated="20230712 21:20:49.043" rpa="false" schemaversion="4">
<suite id="s1" name="Myntra Robotframework" source="C:\Users\Hp\Desktop\Myntra_Robotframework">
<suite id="s1-s1" name="TestCases" source="C:\Users\Hp\Desktop\Myntra_Robotframework\TestCases">
<suite id="s1-s1-s1" name="Test Ts 005" source="C:\Users\Hp\Desktop\Myntra_Robotframework\TestCases\Test_Ts_005.robot">
<test id="s1-s1-s1-t1" name="New Ts_005" line="6">
<kw name="openingbrowser_005" library="Key_Ts_005">
<kw name="Open Browser" library="SeleniumLibrary">
<arg>${Url}</arg>
<arg>${WebDriver}</arg>
<doc>Opens a new browser instance to the optional ``url``.</doc>
<msg timestamp="20230712 21:20:49.474" level="INFO">Opening browser 'chrome' to base url 'https://www.myntra.com/jeans/hm/hm-men-black-solid-pure-cotton-loose-jeans/20412334/buy'.</msg>
<msg timestamp="20230712 21:20:49.494" level="INFO">Executing: C:\Users\Hp\AppData\Local\Programs\Python\Python311\Lib\site-packages\selenium\webdriver\common\windows\selenium-manager.exe --browser chrome --output json</msg>
<status status="PASS" starttime="20230712 21:20:49.473" endtime="20230712 21:20:55.632"/>
</kw>
<kw name="Maximize Browser Window" library="SeleniumLibrary">
<doc>Maximizes current browser window.</doc>
<status status="PASS" starttime="20230712 21:20:55.633" endtime="20230712 21:20:56.102"/>
</kw>
<status status="PASS" starttime="20230712 21:20:49.470" endtime="20230712 21:20:56.102"/>
</kw>
<kw name="Demo1" library="Key_Ts_005">
<kw name="Sleep" library="BuiltIn">
<arg>5s</arg>
<doc>Pauses the test executed for the given time.</doc>
<msg timestamp="20230712 21:21:01.105" level="INFO">Slept 5 seconds</msg>
<status status="PASS" starttime="20230712 21:20:56.104" endtime="20230712 21:21:01.105"/>
</kw>
<kw name="Click Element" library="SeleniumLibrary">
<arg>${size}</arg>
<doc>Click the element identified by ``locator``.</doc>
<msg timestamp="20230712 21:21:01.110" level="INFO">Clicking element 'xpath = (//*[contains(text(),'29')])[5]'.</msg>
<msg timestamp="20230712 21:21:01.496" level="INFO" html="true">&lt;/td&gt;&lt;/tr&gt;&lt;tr&gt;&lt;td colspan="3"&gt;&lt;a href="selenium-screenshot-67.png"&gt;&lt;img src="selenium-screenshot-67.png" width="800px"&gt;&lt;/a&gt;</msg>
<msg timestamp="20230712 21:21:01.497" level="FAIL">ElementNotInteractableException: Message: element not interactable
  (Session info: chrome=114.0.5735.199)
Stacktrace:
Backtrace:
	GetHandleVerifier [0x0097A813+48355]
	(No symbol) [0x0090C4B1]
	(No symbol) [0x00815220]
	(No symbol) [0x00841846]
	(No symbol) [0x00839F5C]
	(No symbol) [0x0085A73C]
	(No symbol) [0x00839A36]
	(No symbol) [0x0085AA94]
	(No symbol) [0x0086C922]
	(No symbol) [0x0085A536]
	(No symbol) [0x008382DC]
	(No symbol) [0x008393DD]
	GetHandleVerifier [0x00BDAABD+2539405]
	GetHandleVerifier [0x00C1A78F+2800735]
	GetHandleVerifier [0x00C1456C+2775612]
	GetHandleVerifier [0x00A051E0+616112]
	(No symbol) [0x00915F8C]
	(No symbol) [0x00912328]
	(No symbol) [0x0091240B]
	(No symbol) [0x00904FF7]
	BaseThreadInitThunk [0x773000C9+25]
	RtlGetAppContainerNamedObjectPath [0x77447B4E+286]
	RtlGetAppContainerNamedObjectPath [0x77447B1E+238]
</msg>
<status status="FAIL" starttime="20230712 21:21:01.105" endtime="20230712 21:21:01.512"/>
</kw>
<kw name="Scroll Element Into View" library="SeleniumLibrary">
<arg>${Scroll_details}</arg>
<doc>Scrolls the element identified by ``locator`` into view.</doc>
<status status="NOT RUN" starttime="20230712 21:21:01.513" endtime="20230712 21:21:01.514"/>
</kw>
<status status="FAIL" starttime="20230712 21:20:56.103" endtime="20230712 21:21:01.515"/>
</kw>
<kw name="Tc_003" library="Key_Ts_005">
<status status="NOT RUN" starttime="20230712 21:21:01.516" endtime="20230712 21:21:01.517"/>
</kw>
<kw name="Tc_004" library="Key_Ts_005">
<status status="NOT RUN" starttime="20230712 21:21:01.518" endtime="20230712 21:21:01.519"/>
</kw>
<status status="FAIL" starttime="20230712 21:20:49.469" endtime="20230712 21:21:01.520">ElementNotInteractableException: Message: element not interactable
  (Session info: chrome=114.0.5735.199)
Stacktrace:
Backtrace:
	GetHandleVerifier [0x0097A813+48355]
	(No symbol) [0x0090C4B1]
	(No symbol) [0x00815220]
	(No symbol) [0x00841846]
	(No symbol) [0x00839F5C]
	(No symbol) [0x0085A73C]
	(No symbol) [0x00839A36]
	(No symbol) [0x0085AA94]
	(No symbol) [0x0086C922]
	(No symbol) [0x0085A536]
	(No symbol) [0x008382DC]
	(No symbol) [0x008393DD]
	GetHandleVerifier [0x00BDAABD+2539405]
	GetHandleVerifier [0x00C1A78F+2800735]
	GetHandleVerifier [0x00C1456C+2775612]
	GetHandleVerifier [0x00A051E0+616112]
	(No symbol) [0x00915F8C]
	(No symbol) [0x00912328]
	(No symbol) [0x0091240B]
	(No symbol) [0x00904FF7]
	BaseThreadInitThunk [0x773000C9+25]
	RtlGetAppContainerNamedObjectPath [0x77447B4E+286]
	RtlGetAppContainerNamedObjectPath [0x77447B1E+238]
</status>
</test>
<status status="FAIL" starttime="20230712 21:20:49.100" endtime="20230712 21:21:01.534"/>
</suite>
<status status="FAIL" starttime="20230712 21:20:49.093" endtime="20230712 21:21:01.544"/>
</suite>
<status status="FAIL" starttime="20230712 21:20:49.048" endtime="20230712 21:21:01.550"/>
</suite>
<statistics>
<total>
<stat pass="0" fail="1" skip="0">All Tests</stat>
</total>
<tag>
</tag>
<suite>
<stat pass="0" fail="1" skip="0" id="s1" name="Myntra Robotframework">Myntra Robotframework</stat>
<stat pass="0" fail="1" skip="0" id="s1-s1" name="TestCases">Myntra Robotframework.TestCases</stat>
<stat pass="0" fail="1" skip="0" id="s1-s1-s1" name="Test Ts 005">Myntra Robotframework.TestCases.Test Ts 005</stat>
</suite>
</statistics>
<errors>
</errors>
</robot>
